Assignment's/assignment-2-Akash3121/Library/Bee/Android/Prj/IL2CPP/Gradle/launcher/build/intermediates/manifest_merge_blame_file/release/manifest-merger-blame-release-report.txt
1<?xml version="1.0" encoding="utf-8"?>
2<manifest xmlns:android="http://schemas.android.com/apk/res/android"
3    package="com.DefaultCompany.Assignment2"
4    android:installLocation="auto"
5    android:versionCode="1"
6    android:versionName="0.1" >
7
8    <uses-sdk
9        android:minSdkVersion="29"
9-->src\main\AndroidManifest.xml
10        android:targetSdkVersion="32" />
10-->src\main\AndroidManifest.xml
11
12    <supports-screens
12-->src\main\AndroidManifest.xml:4:3-163
13        android:anyDensity="true"
13-->src\main\AndroidManifest.xml:4:135-160
14        android:largeScreens="true"
14-->src\main\AndroidManifest.xml:4:78-105
15        android:normalScreens="true"
15-->src\main\AndroidManifest.xml:4:49-77
16        android:smallScreens="true"
16-->src\main\AndroidManifest.xml:4:21-48
17        android:xlargeScreens="true" />
17-->src\main\AndroidManifest.xml:4:106-134
18
19    <uses-permission android:name="android.permission.INTERNET" />
19-->[:unityLibrary] AndroidManifest.xml:10:5-67
19-->[:unityLibrary] AndroidManifest.xml:10:22-64
20
21    <uses-feature
21-->[:unityLibrary] AndroidManifest.xml:12:5-15:31
22        android:name="android.hardware.vr.headtracking"
22-->[:unityLibrary] AndroidManifest.xml:13:9-56
23        android:required="true"
23-->[:unityLibrary] AndroidManifest.xml:14:9-32
24        android:version="1" />
24-->[:unityLibrary] AndroidManifest.xml:15:9-28
25    <uses-feature
25-->[:unityLibrary] AndroidManifest.xml:16:5-18:35
26        android:name="android.hardware.vulkan.version"
26-->[:unityLibrary] AndroidManifest.xml:17:9-55
27        android:required="true" />
27-->[:unityLibrary] AndroidManifest.xml:18:9-32
28    <uses-feature
28-->[:unityLibrary] AndroidManifest.xml:19:5-21:36
29        android:name="android.hardware.touchscreen"
29-->[:unityLibrary] AndroidManifest.xml:20:9-52
30        android:required="false" />
30-->[:unityLibrary] AndroidManifest.xml:21:9-33
31    <uses-feature
31-->[:unityLibrary] AndroidManifest.xml:22:5-24:36
32        android:name="android.hardware.touchscreen.multitouch"
32-->[:unityLibrary] AndroidManifest.xml:23:9-63
33        android:required="false" />
33-->[:unityLibrary] AndroidManifest.xml:24:9-33
34    <uses-feature
34-->[:unityLibrary] AndroidManifest.xml:25:5-27:36
35        android:name="android.hardware.touchscreen.multitouch.distinct"
35-->[:unityLibrary] AndroidManifest.xml:26:9-72
36        android:required="false" />
36-->[:unityLibrary] AndroidManifest.xml:27:9-33
37
38    <application
38-->src\main\AndroidManifest.xml:3:3-83
39        android:allowBackup="false"
39-->[:unityLibrary] AndroidManifest.xml:30:9-36
40        android:extractNativeLibs="true"
40-->[:unityLibrary] AndroidManifest.xml:31:9-41
41        android:icon="@mipmap/app_icon"
41-->src\main\AndroidManifest.xml:3:49-80
42        android:label="@string/app_name"
42-->src\main\AndroidManifest.xml:3:16-48
43        android:networkSecurityConfig="@xml/network_sec_config" >
43-->[:unityLibrary] AndroidManifest.xml:34:9-64
44        <meta-data
44-->[:unityLibrary] AndroidManifest.xml:35:9-37:37
45            android:name="unityplayer.SkipPermissionsDialog"
45-->[:unityLibrary] AndroidManifest.xml:36:13-61
46            android:value="false" />
46-->[:unityLibrary] AndroidManifest.xml:37:13-34
47        <meta-data
47-->[:unityLibrary] AndroidManifest.xml:38:9-40:39
48            android:name="com.samsung.android.vr.application.mode"
48-->[:unityLibrary] AndroidManifest.xml:39:13-67
49            android:value="vr_only" />
49-->[:unityLibrary] AndroidManifest.xml:40:13-36
50        <meta-data
50-->[:unityLibrary] AndroidManifest.xml:41:9-43:47
51            android:name="com.oculus.supportedDevices"
51-->[:unityLibrary] AndroidManifest.xml:42:13-55
52            android:value="quest2|questpro" />
52-->[:unityLibrary] AndroidManifest.xml:43:13-44
53        <meta-data
53-->[:unityLibrary] AndroidManifest.xml:44:9-46:33
54            android:name="unity.splash-mode"
54-->[:unityLibrary] AndroidManifest.xml:45:13-45
55            android:value="0" />
55-->[:unityLibrary] AndroidManifest.xml:46:13-30
56        <meta-data
56-->[:unityLibrary] AndroidManifest.xml:47:9-49:36
57            android:name="unity.splash-enable"
57-->[:unityLibrary] AndroidManifest.xml:48:13-47
58            android:value="True" />
58-->[:unityLibrary] AndroidManifest.xml:49:13-33
59        <meta-data
59-->[:unityLibrary] AndroidManifest.xml:50:9-52:36
60            android:name="unity.launch-fullscreen"
60-->[:unityLibrary] AndroidManifest.xml:51:13-51
61            android:value="True" />
61-->[:unityLibrary] AndroidManifest.xml:52:13-33
62        <meta-data
62-->[:unityLibrary] AndroidManifest.xml:53:9-55:37
63            android:name="unity.allow-resizable-window"
63-->[:unityLibrary] AndroidManifest.xml:54:13-56
64            android:value="False" />
64-->[:unityLibrary] AndroidManifest.xml:55:13-34
65        <meta-data
65-->[:unityLibrary] AndroidManifest.xml:56:9-58:50
66            android:name="notch.config"
66-->[:unityLibrary] AndroidManifest.xml:57:13-40
67            android:value="portrait|landscape" />
67-->[:unityLibrary] AndroidManifest.xml:58:13-47
68        <meta-data
68-->[:unityLibrary] AndroidManifest.xml:59:9-61:36
69            android:name="unity.auto-report-fully-drawn"
69-->[:unityLibrary] AndroidManifest.xml:60:13-57
70            android:value="true" />
70-->[:unityLibrary] AndroidManifest.xml:61:13-33
71
72        <activity
72-->[:unityLibrary] AndroidManifest.xml:63:9-86:20
73            android:name="com.unity3d.player.UnityPlayerActivity"
73-->[:unityLibrary] AndroidManifest.xml:64:13-66
74            android:configChanges="keyboard|keyboardHidden|navigation|orientation|screenLayout|screenSize|uiMode|density"
74-->[:unityLibrary] AndroidManifest.xml:65:13-122
75            android:excludeFromRecents="true"
75-->[:unityLibrary] AndroidManifest.xml:66:13-46
76            android:exported="true"
76-->[:unityLibrary] AndroidManifest.xml:67:13-36
77            android:hardwareAccelerated="false"
77-->[:unityLibrary] AndroidManifest.xml:68:13-48
78            android:launchMode="singleTask"
78-->[:unityLibrary] AndroidManifest.xml:69:13-44
79            android:resizeableActivity="false"
79-->[:unityLibrary] AndroidManifest.xml:70:13-47
80            android:screenOrientation="landscape"
80-->[:unityLibrary] AndroidManifest.xml:71:13-50
81            android:theme="@android:style/Theme.Black.NoTitleBar.Fullscreen" >
81-->[:unityLibrary] AndroidManifest.xml:72:13-77
82            <intent-filter>
82-->[:unityLibrary] AndroidManifest.xml:73:13-78:29
83                <category android:name="android.intent.category.LAUNCHER" />
83-->[:unityLibrary] AndroidManifest.xml:74:17-77
83-->[:unityLibrary] AndroidManifest.xml:74:27-74
84                <category android:name="com.oculus.intent.category.VR" />
84-->[:unityLibrary] AndroidManifest.xml:75:17-74
84-->[:unityLibrary] AndroidManifest.xml:75:27-71
85
86                <action android:name="android.intent.action.MAIN" />
86-->[:unityLibrary] AndroidManifest.xml:77:17-69
86-->[:unityLibrary] AndroidManifest.xml:77:25-66
87            </intent-filter>
88
89            <meta-data
89-->[:unityLibrary] AndroidManifest.xml:80:13-82:40
90                android:name="com.oculus.vr.focusaware"
90-->[:unityLibrary] AndroidManifest.xml:81:17-56
91                android:value="true" />
91-->[:unityLibrary] AndroidManifest.xml:82:17-37
92            <meta-data
92-->[:unityLibrary] AndroidManifest.xml:83:13-85:40
93                android:name="notch_support"
93-->[:unityLibrary] AndroidManifest.xml:84:17-45
94                android:value="true" />
94-->[:unityLibrary] AndroidManifest.xml:85:17-37
95        </activity>
96
97        <meta-data
97-->[:unityLibrary] AndroidManifest.xml:88:9-90:37
98            android:name="com.unity.xr.oculus.LowOverheadMode"
98-->[:unityLibrary] AndroidManifest.xml:89:13-63
99            android:value="false" />
99-->[:unityLibrary] AndroidManifest.xml:90:13-34
100        <meta-data
100-->[:unityLibrary] AndroidManifest.xml:91:9-93:37
101            android:name="com.unity.xr.oculus.LateLatching"
101-->[:unityLibrary] AndroidManifest.xml:92:13-60
102            android:value="false" />
102-->[:unityLibrary] AndroidManifest.xml:93:13-34
103        <meta-data
103-->[:unityLibrary] AndroidManifest.xml:94:9-96:37
104            android:name="com.unity.xr.oculus.LateLatchingDebug"
104-->[:unityLibrary] AndroidManifest.xml:95:13-65
105            android:value="false" />
105-->[:unityLibrary] AndroidManifest.xml:96:13-34
106    </application>
107
108</manifest>